<?xml version="1.0" encoding="UTF-8"?>
<testng-results skipped="0" failed="0" total="1" passed="1">
  <reporter-output>
  </reporter-output>
  <suite name="Default suite" duration-ms="4112" started-at="2018-05-07T07:07:05Z" finished-at="2018-05-07T07:07:09Z">
    <groups>
    </groups>
    <test name="Default test" duration-ms="4112" started-at="2018-05-07T07:07:05Z" finished-at="2018-05-07T07:07:09Z">
      <class name="practice.ExtentReportDemo">
        <test-method status="PASS" signature="beforeMethod(java.lang.reflect.Method)[pri:0, instance:practice.ExtentReportDemo@224edc67]" name="beforeMethod" is-config="true" duration-ms="3785" started-at="2018-05-07T08:07:05Z" finished-at="2018-05-07T08:07:09Z">
          <params>
            <param index="0">
              <value>
                <![CDATA[public void practice.ExtentReportDemo.methodName()]]>
              </value>
            </param>
          </params>
          <reporter-output>
          </reporter-output>
        </test-method> <!-- beforeMethod -->
        <test-method status="PASS" signature="methodName()[pri:0, instance:practice.ExtentReportDemo@224edc67]" name="methodName" duration-ms="11" started-at="2018-05-07T08:07:09Z" finished-at="2018-05-07T08:07:09Z">
          <reporter-output>
          </reporter-output>
        </test-method> <!-- methodName -->
        <test-method status="PASS" signature="afterMethod(org.testng.ITestResult)[pri:0, instance:practice.ExtentReportDemo@224edc67]" name="afterMethod" is-config="true" duration-ms="304" started-at="2018-05-07T08:07:09Z" finished-at="2018-05-07T08:07:09Z">
          <params>
            <param index="0">
              <value>
                <![CDATA[[TestResult name=methodName status=SUCCESS method=ExtentReportDemo.methodName()[pri:0, instance:practice.ExtentReportDemo@224edc67] output={null}]]]>
              </value>
            </param>
          </params>
          <reporter-output>
          </reporter-output>
        </test-method> <!-- afterMethod -->
      </class> <!-- practice.ExtentReportDemo -->
    </test> <!-- Default test -->
  </suite> <!-- Default suite -->
</testng-results>
