<?xml version="1.0" encoding="UTF-8"?>
<testng-results skipped="0" failed="0" total="1" passed="1">
  <reporter-output>
  </reporter-output>
  <suite name="Default suite" duration-ms="2314" started-at="2018-05-24T07:41:52Z" finished-at="2018-05-24T07:41:54Z">
    <groups>
    </groups>
    <test name="Default test" duration-ms="2314" started-at="2018-05-24T07:41:52Z" finished-at="2018-05-24T07:41:54Z">
      <class name="practice.Test2">
        <test-method status="PASS" signature="beforeMethod()[pri:0, instance:practice.Test2@4c70fda8]" name="beforeMethod" is-config="true" duration-ms="2224" started-at="2018-05-24T08:41:52Z" finished-at="2018-05-24T08:41:54Z">
          <reporter-output>
          </reporter-output>
        </test-method> <!-- beforeMethod -->
        <test-method status="PASS" signature="methodName()[pri:0, instance:practice.Test2@4c70fda8]" name="methodName" duration-ms="4" started-at="2018-05-24T08:41:54Z" finished-at="2018-05-24T08:41:54Z">
          <reporter-output>
          </reporter-output>
        </test-method> <!-- methodName -->
        <test-method status="PASS" signature="afterMethod()[pri:0, instance:practice.Test2@4c70fda8]" name="afterMethod" is-config="true" duration-ms="77" started-at="2018-05-24T08:41:54Z" finished-at="2018-05-24T08:41:54Z">
          <reporter-output>
          </reporter-output>
        </test-method> <!-- afterMethod -->
      </class> <!-- practice.Test2 -->
    </test> <!-- Default test -->
  </suite> <!-- Default suite -->
</testng-results>
